app/build/intermediates/manifest_merge_blame_file/debug/processDebugMainManifest/manifest-merger-blame-debug-report.txt
1<?xml version="1.0" encoding="utf-8"?>
2<manifest xmlns:android="http://schemas.android.com/apk/res/android"
3    package="com.facechanger.faceswap.enhance"
4    android:versionCode="17"
5    android:versionName="1.5" >
6
7    <uses-sdk
8        android:minSdkVersion="26"
9        android:targetSdkVersion="36" />
10
11    <!-- Network -->
12    <uses-permission android:name="android.permission.INTERNET" />
12-->src/main/AndroidManifest.xml:6:5-67
12-->src/main/AndroidManifest.xml:6:22-64
13    <uses-permission android:name="android.permission.ACCESS_NETWORK_STATE" />
13-->src/main/AndroidManifest.xml:7:5-79
13-->src/main/AndroidManifest.xml:7:22-76
14
15    <!-- Camera -->
16    <uses-permission android:name="android.permission.CAMERA" />
16-->src/main/AndroidManifest.xml:10:5-65
16-->src/main/AndroidManifest.xml:10:22-62
17
18    <uses-feature
18-->src/main/AndroidManifest.xml:11:5-13:36
19        android:name="android.hardware.camera"
19-->src/main/AndroidManifest.xml:12:9-47
20        android:required="false" />
20-->src/main/AndroidManifest.xml:13:9-33
21
22    <!-- Gallery / Storage (pre-API 33) -->
23    <uses-permission
23-->src/main/AndroidManifest.xml:16:5-18:38
24        android:name="android.permission.READ_EXTERNAL_STORAGE"
24-->src/main/AndroidManifest.xml:17:9-64
25        android:maxSdkVersion="32" />
25-->src/main/AndroidManifest.xml:18:9-35
26
27    <!-- Gallery / Storage (API 33+) -->
28    <uses-permission android:name="android.permission.READ_MEDIA_IMAGES" />
28-->src/main/AndroidManifest.xml:21:5-76
28-->src/main/AndroidManifest.xml:21:22-73
29    <uses-permission android:name="com.android.vending.BILLING" />
29-->src/main/AndroidManifest.xml:22:5-67
29-->src/main/AndroidManifest.xml:22:22-64
30
31    <!-- Storage write (for saving to gallery on API < 29) -->
32    <uses-permission
32-->src/main/AndroidManifest.xml:25:5-27:38
33        android:name="android.permission.WRITE_EXTERNAL_STORAGE"
33-->src/main/AndroidManifest.xml:26:9-65
34        android:maxSdkVersion="28" />
34-->src/main/AndroidManifest.xml:27:9-35
35
36    <!-- Notifications -->
37    <uses-permission android:name="android.permission.POST_NOTIFICATIONS" />
37-->src/main/AndroidManifest.xml:30:5-77
37-->src/main/AndroidManifest.xml:30:22-74
38    <uses-permission android:name="android.permission.WAKE_LOCK" />
38-->src/main/AndroidManifest.xml:31:5-68
38-->src/main/AndroidManifest.xml:31:22-65
39    <uses-permission android:name="com.google.android.gms.permission.AD_ID" />
39-->[com.google.android.gms:play-services-ads-api:25.3.0] AndroidManifest.xml:26:5-79
39-->[com.google.android.gms:play-services-ads-api:25.3.0] AndroidManifest.xml:26:22-76
40    <uses-permission android:name="android.permission.ACCESS_ADSERVICES_AD_ID" />
40-->[com.google.android.gms:play-services-ads-api:25.3.0] AndroidManifest.xml:27:5-82
40-->[com.google.android.gms:play-services-ads-api:25.3.0] AndroidManifest.xml:27:22-79
41    <uses-permission android:name="android.permission.ACCESS_ADSERVICES_ATTRIBUTION" />
41-->[com.google.android.gms:play-services-ads-api:25.3.0] AndroidManifest.xml:28:5-88
41-->[com.google.android.gms:play-services-ads-api:25.3.0] AndroidManifest.xml:28:22-85
42    <uses-permission android:name="android.permission.ACCESS_ADSERVICES_TOPICS" /> <!-- Android package visibility setting -->
42-->[com.google.android.gms:play-services-ads-api:25.3.0] AndroidManifest.xml:29:5-83
42-->[com.google.android.gms:play-services-ads-api:25.3.0] AndroidManifest.xml:29:22-80
43    <queries>
43-->[com.google.android.gms:play-services-ads-api:25.3.0] AndroidManifest.xml:35:5-68:15
44
45        <!-- For browser content -->
46        <intent>
46-->[com.google.android.gms:play-services-ads-api:25.3.0] AndroidManifest.xml:38:9-44:18
47            <action android:name="android.intent.action.VIEW" />
47-->[com.google.android.gms:play-services-ads-api:25.3.0] AndroidManifest.xml:39:13-65
47-->[com.google.android.gms:play-services-ads-api:25.3.0] AndroidManifest.xml:39:21-62
48
49            <category android:name="android.intent.category.BROWSABLE" />
49-->[com.google.android.gms:play-services-ads-api:25.3.0] AndroidManifest.xml:41:13-74
49-->[com.google.android.gms:play-services-ads-api:25.3.0] AndroidManifest.xml:41:23-71
50
51            <data android:scheme="https" />
51-->[com.google.android.gms:play-services-ads-api:25.3.0] AndroidManifest.xml:43:13-44
51-->[com.google.android.gms:play-services-ads-api:25.3.0] AndroidManifest.xml:43:19-41
52        </intent>
53        <!-- End of browser content -->
54        <!-- For CustomTabsService -->
55        <intent>
55-->[com.google.android.gms:play-services-ads-api:25.3.0] AndroidManifest.xml:47:9-49:18
56            <action android:name="android.support.customtabs.action.CustomTabsService" />
56-->[com.google.android.gms:play-services-ads-api:25.3.0] AndroidManifest.xml:48:13-90
56-->[com.google.android.gms:play-services-ads-api:25.3.0] AndroidManifest.xml:48:21-87
57        </intent>
58        <!-- End of CustomTabsService -->
59        <!-- For MRAID capabilities -->
60        <intent>
60-->[com.google.android.gms:play-services-ads-api:25.3.0] AndroidManifest.xml:52:9-56:18
61            <action android:name="android.intent.action.INSERT" />
61-->[com.google.android.gms:play-services-ads-api:25.3.0] AndroidManifest.xml:53:13-67
61-->[com.google.android.gms:play-services-ads-api:25.3.0] AndroidManifest.xml:53:21-64
62
63            <data android:mimeType="vnd.android.cursor.dir/event" />
63-->[com.google.android.gms:play-services-ads-api:25.3.0] AndroidManifest.xml:43:13-44
64        </intent>
65        <intent>
65-->[com.google.android.gms:play-services-ads-api:25.3.0] AndroidManifest.xml:57:9-61:18
66            <action android:name="android.intent.action.VIEW" />
66-->[com.google.android.gms:play-services-ads-api:25.3.0] AndroidManifest.xml:39:13-65
66-->[com.google.android.gms:play-services-ads-api:25.3.0] AndroidManifest.xml:39:21-62
67
68            <data android:scheme="sms" />
68-->[com.google.android.gms:play-services-ads-api:25.3.0] AndroidManifest.xml:43:13-44
68-->[com.google.android.gms:play-services-ads-api:25.3.0] AndroidManifest.xml:43:19-41
69        </intent>
70        <intent>
70-->[com.google.android.gms:play-services-ads-api:25.3.0] AndroidManifest.xml:62:9-66:18
71            <action android:name="android.intent.action.DIAL" />
71-->[com.google.android.gms:play-services-ads-api:25.3.0] AndroidManifest.xml:63:13-65
71-->[com.google.android.gms:play-services-ads-api:25.3.0] AndroidManifest.xml:63:21-62
72
73            <data android:path="tel:" />
73-->[com.google.android.gms:play-services-ads-api:25.3.0] AndroidManifest.xml:43:13-44
74        </intent>
75        <!-- End of MRAID capabilities -->
76        <package android:name="com.facebook.katana" />
76-->[com.facebook.android:facebook-common:17.0.0] AndroidManifest.xml:18:9-55
76-->[com.facebook.android:facebook-common:17.0.0] AndroidManifest.xml:18:18-52
77
78        <intent>
78-->[com.android.billingclient:billing:8.0.0] AndroidManifest.xml:13:9-15:18
79            <action android:name="com.android.vending.billing.InAppBillingService.BIND" />
79-->[com.android.billingclient:billing:8.0.0] AndroidManifest.xml:14:13-91
79-->[com.android.billingclient:billing:8.0.0] AndroidManifest.xml:14:21-88
80        </intent>
81        <intent>
81-->[com.android.billingclient:billing:8.0.0] AndroidManifest.xml:16:9-18:18
82            <action android:name="com.google.android.apps.play.billingtestcompanion.BillingOverrideService.BIND" />
82-->[com.android.billingclient:billing:8.0.0] AndroidManifest.xml:17:13-116
82-->[com.android.billingclient:billing:8.0.0] AndroidManifest.xml:17:21-113
83        </intent>
84    </queries>
85
86    <uses-permission android:name="android.permission.FOREGROUND_SERVICE" />
86-->[androidx.work:work-runtime:2.9.0] AndroidManifest.xml:26:5-77
86-->[androidx.work:work-runtime:2.9.0] AndroidManifest.xml:26:22-74
87    <uses-permission android:name="com.google.android.finsky.permission.BIND_GET_INSTALL_REFERRER_SERVICE" /> <!-- Required by older versions of Google Play services to create IID tokens -->
87-->[com.google.android.gms:play-services-measurement:23.2.0] AndroidManifest.xml:26:5-110
87-->[com.google.android.gms:play-services-measurement:23.2.0] AndroidManifest.xml:26:22-107
88    <uses-permission android:name="com.google.android.c2dm.permission.RECEIVE" />
88-->[com.google.firebase:firebase-messaging:25.0.2] AndroidManifest.xml:26:5-82
88-->[com.google.firebase:firebase-messaging:25.0.2] AndroidManifest.xml:26:22-79
89
90    <permission
90-->[androidx.core:core:1.16.0] AndroidManifest.xml:22:5-24:47
91        android:name="com.facechanger.faceswap.enhance.DYNAMIC_RECEIVER_NOT_EXPORTED_PERMISSION"
91-->[androidx.core:core:1.16.0] AndroidManifest.xml:23:9-81
92        android:protectionLevel="signature" />
92-->[androidx.core:core:1.16.0] AndroidManifest.xml:24:9-44
93
94    <uses-permission android:name="com.facechanger.faceswap.enhance.DYNAMIC_RECEIVER_NOT_EXPORTED_PERMISSION" />
94-->[androidx.core:core:1.16.0] AndroidManifest.xml:26:5-97
94-->[androidx.core:core:1.16.0] AndroidManifest.xml:26:22-94
95
96    <application
96-->src/main/AndroidManifest.xml:33:5-226:19
97        android:name="com.facechanger.faceswap.enhance.AppFaceSwap"
97-->src/main/AndroidManifest.xml:34:9-36
98        android:allowBackup="true"
98-->src/main/AndroidManifest.xml:35:9-35
99        android:appComponentFactory="androidx.core.app.CoreComponentFactory"
99-->[androidx.core:core:1.16.0] AndroidManifest.xml:28:18-86
100        android:dataExtractionRules="@xml/face_data_file_extraction_rules"
100-->src/main/AndroidManifest.xml:36:9-75
101        android:debuggable="true"
102        android:extractNativeLibs="false"
103        android:fullBackupContent="@xml/face_backup_file_rules"
103-->src/main/AndroidManifest.xml:37:9-64
104        android:icon="@mipmap/ic_launcher"
104-->src/main/AndroidManifest.xml:38:9-43
105        android:label="@string/app_builder_name"
105-->src/main/AndroidManifest.xml:39:9-49
106        android:roundIcon="@mipmap/ic_launcher_round"
106-->src/main/AndroidManifest.xml:40:9-54
107        android:supportsRtl="true"
107-->src/main/AndroidManifest.xml:41:9-35
108        android:testOnly="true"
109        android:theme="@style/Theme.FaceSwap" >
109-->src/main/AndroidManifest.xml:42:9-46
110
111        <!-- Workaround for Google Play Billing Library crash (NullPointerException on PendingIntent) -->
112        <!-- Adding additional configChanges prevents activity recreation on Dark Mode/Locale/Font changes -->
113        <activity
113-->src/main/AndroidManifest.xml:46:9-50:53
114            android:name="com.android.billingclient.api.ProxyBillingActivity"
114-->src/main/AndroidManifest.xml:47:13-78
115            android:configChanges="keyboard|keyboardHidden|screenLayout|screenSize|orientation|uiMode|fontScale|density|locale|layoutDirection"
115-->src/main/AndroidManifest.xml:48:13-144
116            android:exported="false"
116-->src/main/AndroidManifest.xml:49:13-37
117            android:theme="@android:style/Theme.Translucent.NoTitleBar" />
117-->[com.android.billingclient:billing:8.0.0] AndroidManifest.xml:30:13-72
118        <activity
118-->src/main/AndroidManifest.xml:52:9-56:53
119            android:name="com.android.billingclient.api.ProxyBillingActivityV2"
119-->src/main/AndroidManifest.xml:53:13-80
120            android:configChanges="keyboard|keyboardHidden|screenLayout|screenSize|orientation|uiMode|fontScale|density|locale|layoutDirection"
120-->src/main/AndroidManifest.xml:54:13-144
121            android:exported="false"
121-->src/main/AndroidManifest.xml:55:13-37
122            android:theme="@android:style/Theme.Translucent.NoTitleBar" />
122-->[com.android.billingclient:billing:8.0.0] AndroidManifest.xml:35:13-72
123
124        <!-- Splash Screen (Launcher) -->
125        <activity
125-->src/main/AndroidManifest.xml:59:9-68:20
126            android:name="com.facechanger.faceswap.enhance.view.AppFaceSplashActivity"
126-->src/main/AndroidManifest.xml:60:13-55
127            android:exported="true"
127-->src/main/AndroidManifest.xml:63:13-36
128            android:screenOrientation="portrait"
128-->src/main/AndroidManifest.xml:61:13-49
129            android:theme="@style/Theme.FaceSwap.Splash" >
129-->src/main/AndroidManifest.xml:62:13-57
130            <intent-filter>
130-->src/main/AndroidManifest.xml:64:13-67:29
131                <action android:name="android.intent.action.MAIN" />
131-->src/main/AndroidManifest.xml:65:17-69
131-->src/main/AndroidManifest.xml:65:25-66
132
133                <category android:name="android.intent.category.LAUNCHER" />
133-->src/main/AndroidManifest.xml:66:17-77
133-->src/main/AndroidManifest.xml:66:27-74
134            </intent-filter>
135        </activity>
136
137        <!-- Main -->
138        <activity
138-->src/main/AndroidManifest.xml:71:9-74:39
139            android:name="com.facechanger.faceswap.enhance.view.AppFaceMainActivity"
139-->src/main/AndroidManifest.xml:72:13-53
140            android:exported="false"
140-->src/main/AndroidManifest.xml:74:13-37
141            android:screenOrientation="portrait" />
141-->src/main/AndroidManifest.xml:73:13-49
142        <activity
142-->src/main/AndroidManifest.xml:75:9-78:40
143            android:name="com.facechanger.faceswap.enhance.view.AppFaceOnboardingActivity"
143-->src/main/AndroidManifest.xml:76:13-59
144            android:exported="false"
144-->src/main/AndroidManifest.xml:78:13-37
145            android:screenOrientation="portrait" />
145-->src/main/AndroidManifest.xml:77:13-49
146        <activity
146-->src/main/AndroidManifest.xml:79:9-82:40
147            android:name="com.facechanger.faceswap.enhance.view.AppFaceAppUpdateActivity"
147-->src/main/AndroidManifest.xml:80:13-58
148            android:exported="false"
148-->src/main/AndroidManifest.xml:82:13-37
149            android:screenOrientation="portrait" />
149-->src/main/AndroidManifest.xml:81:13-49
150        <activity
150-->src/main/AndroidManifest.xml:83:9-86:40
151            android:name="com.facechanger.faceswap.enhance.view.AppFaceLoadingActivity"
151-->src/main/AndroidManifest.xml:84:13-56
152            android:exported="false"
152-->src/main/AndroidManifest.xml:86:13-37
153            android:screenOrientation="portrait" />
153-->src/main/AndroidManifest.xml:85:13-49
154
155        <!-- Features -->
156        <activity
156-->src/main/AndroidManifest.xml:89:9-92:40
157            android:name="com.facechanger.faceswap.enhance.view.AppFaceSectionDetailActivity"
157-->src/main/AndroidManifest.xml:90:13-62
158            android:exported="false"
158-->src/main/AndroidManifest.xml:92:13-37
159            android:screenOrientation="portrait" />
159-->src/main/AndroidManifest.xml:91:13-49
160        <activity
160-->src/main/AndroidManifest.xml:93:9-96:40
161            android:name="com.facechanger.faceswap.enhance.view.AppFaceSwapActivity"
161-->src/main/AndroidManifest.xml:94:13-53
162            android:exported="false"
162-->src/main/AndroidManifest.xml:96:13-37
163            android:screenOrientation="portrait" />
163-->src/main/AndroidManifest.xml:95:13-49
164        <activity
164-->src/main/AndroidManifest.xml:97:9-100:40
165            android:name="com.facechanger.faceswap.enhance.view.AppFaceDownloadShareActivity"
165-->src/main/AndroidManifest.xml:98:13-62
166            android:exported="false"
166-->src/main/AndroidManifest.xml:100:13-37
167            android:screenOrientation="portrait" />
167-->src/main/AndroidManifest.xml:99:13-49
168        <activity
168-->src/main/AndroidManifest.xml:101:9-104:40
169            android:name="com.facechanger.faceswap.enhance.view.AppFaceFaceSelectionActivity"
169-->src/main/AndroidManifest.xml:102:13-62
170            android:exported="false"
170-->src/main/AndroidManifest.xml:104:13-37
171            android:screenOrientation="portrait" />
171-->src/main/AndroidManifest.xml:103:13-49
172        <activity
172-->src/main/AndroidManifest.xml:105:9-108:40
173            android:name="com.facechanger.faceswap.enhance.view.AppFaceEditImageActivity"
173-->src/main/AndroidManifest.xml:106:13-58
174            android:exported="false"
174-->src/main/AndroidManifest.xml:108:13-37
175            android:screenOrientation="portrait" />
175-->src/main/AndroidManifest.xml:107:13-49
176        <activity
176-->src/main/AndroidManifest.xml:109:9-112:40
177            android:name="com.facechanger.faceswap.enhance.view.AppFaceMultiSwapActivity"
177-->src/main/AndroidManifest.xml:110:13-58
178            android:exported="false"
178-->src/main/AndroidManifest.xml:112:13-37
179            android:screenOrientation="portrait" />
179-->src/main/AndroidManifest.xml:111:13-49
180        <activity
180-->src/main/AndroidManifest.xml:113:9-116:40
181            android:name="com.facechanger.faceswap.enhance.view.AppFaceMyWorkActivity"
181-->src/main/AndroidManifest.xml:114:13-55
182            android:exported="false"
182-->src/main/AndroidManifest.xml:116:13-37
183            android:screenOrientation="portrait" />
183-->src/main/AndroidManifest.xml:115:13-49
184        <activity
184-->src/main/AndroidManifest.xml:117:9-120:40
185            android:name="com.facechanger.faceswap.enhance.view.AppFaceAiImageGenActivity"
185-->src/main/AndroidManifest.xml:118:13-59
186            android:exported="false"
186-->src/main/AndroidManifest.xml:120:13-37
187            android:screenOrientation="portrait" />
187-->src/main/AndroidManifest.xml:119:13-49
188        <activity
188-->src/main/AndroidManifest.xml:121:9-124:40
189            android:name="com.facechanger.faceswap.enhance.view.AppFaceSettingsActivity"
189-->src/main/AndroidManifest.xml:122:13-57
190            android:exported="false"
190-->src/main/AndroidManifest.xml:124:13-37
191            android:screenOrientation="portrait" />
191-->src/main/AndroidManifest.xml:123:13-49
192        <activity
192-->src/main/AndroidManifest.xml:125:9-129:53
193            android:name="com.facechanger.faceswap.enhance.view.AppFaceBackgroundPickerActivity"
193-->src/main/AndroidManifest.xml:126:13-65
194            android:exported="false"
194-->src/main/AndroidManifest.xml:128:13-37
195            android:screenOrientation="portrait"
195-->src/main/AndroidManifest.xml:127:13-49
196            android:theme="@style/Theme.FaceSwap" />
196-->src/main/AndroidManifest.xml:129:13-50
197        <activity
197-->src/main/AndroidManifest.xml:130:9-133:40
198            android:name="com.facechanger.faceswap.enhance.view.AppFaceStoreActivity"
198-->src/main/AndroidManifest.xml:131:13-54
199            android:exported="false"
199-->src/main/AndroidManifest.xml:133:13-37
200            android:screenOrientation="portrait" />
200-->src/main/AndroidManifest.xml:132:13-49
201        <activity
201-->src/main/AndroidManifest.xml:134:9-137:40
202            android:name="com.facechanger.faceswap.enhance.view.AppFaceCoinHistoryActivity"
202-->src/main/AndroidManifest.xml:135:13-60
203            android:exported="false"
203-->src/main/AndroidManifest.xml:137:13-37
204            android:screenOrientation="portrait" />
204-->src/main/AndroidManifest.xml:136:13-49
205        <activity
205-->src/main/AndroidManifest.xml:138:9-141:40
206            android:name="com.facechanger.faceswap.enhance.view.AppFaceLanguageActivity"
206-->src/main/AndroidManifest.xml:139:13-57
207            android:exported="false"
207-->src/main/AndroidManifest.xml:141:13-37
208            android:screenOrientation="portrait" />
208-->src/main/AndroidManifest.xml:140:13-49
209
210        <!-- New AI Tool Activities -->
211        <activity
211-->src/main/AndroidManifest.xml:144:9-147:40
212            android:name="com.facechanger.faceswap.enhance.view.AppFaceFaceEnhanceActivity"
212-->src/main/AndroidManifest.xml:145:13-60
213            android:exported="false"
213-->src/main/AndroidManifest.xml:147:13-37
214            android:screenOrientation="portrait" />
214-->src/main/AndroidManifest.xml:146:13-49
215        <activity
215-->src/main/AndroidManifest.xml:148:9-151:40
216            android:name="com.facechanger.faceswap.enhance.view.AppFaceBackgroundReplaceActivity"
216-->src/main/AndroidManifest.xml:149:13-66
217            android:exported="false"
217-->src/main/AndroidManifest.xml:151:13-37
218            android:screenOrientation="portrait" />
218-->src/main/AndroidManifest.xml:150:13-49
219        <activity
219-->src/main/AndroidManifest.xml:152:9-155:40
220            android:name="com.facechanger.faceswap.enhance.view.AppFaceCoupleFaceSwapActivity"
220-->src/main/AndroidManifest.xml:153:13-63
221            android:exported="false"
221-->src/main/AndroidManifest.xml:155:13-37
222            android:screenOrientation="portrait" />
222-->src/main/AndroidManifest.xml:154:13-49
223        <activity
223-->src/main/AndroidManifest.xml:156:9-159:40
224            android:name="com.facechanger.faceswap.enhance.view.AppFaceTextToImageActivity"
224-->src/main/AndroidManifest.xml:157:13-60
225            android:exported="false"
225-->src/main/AndroidManifest.xml:159:13-37
226            android:screenOrientation="portrait" />
226-->src/main/AndroidManifest.xml:158:13-49
227        <activity
227-->src/main/AndroidManifest.xml:160:9-163:40
228            android:name="com.facechanger.faceswap.enhance.view.AppFaceVideoFaceSwapActivity"
228-->src/main/AndroidManifest.xml:161:13-62
229            android:exported="false"
229-->src/main/AndroidManifest.xml:163:13-37
230            android:screenOrientation="portrait" />
230-->src/main/AndroidManifest.xml:162:13-49
231        <activity
231-->src/main/AndroidManifest.xml:164:9-168:53
232            android:name="com.facechanger.faceswap.enhance.view.AppFacePaywallActivity"
232-->src/main/AndroidManifest.xml:165:13-56
233            android:exported="false"
233-->src/main/AndroidManifest.xml:167:13-37
234            android:screenOrientation="portrait"
234-->src/main/AndroidManifest.xml:166:13-49
235            android:theme="@style/Theme.FaceSwap" />
235-->src/main/AndroidManifest.xml:168:13-50
236
237        <meta-data
237-->src/main/AndroidManifest.xml:170:9-172:69
238            android:name="com.google.android.gms.ads.APPLICATION_ID"
238-->src/main/AndroidManifest.xml:171:13-69
239            android:value="ca-app-pub-3940256099942544~3347511713" />
239-->src/main/AndroidManifest.xml:172:13-67
240        <meta-data
240-->src/main/AndroidManifest.xml:174:9-175:37
241            android:name="com.google.android.gms.ads.flag.NATIVE_AD_DEBUGGER_ENABLED"
241-->src/main/AndroidManifest.xml:174:20-93
242            android:value="false" />
242-->src/main/AndroidManifest.xml:175:13-34
243
244        <!-- Facebook SDK Metadata Configurations -->
245        <meta-data
245-->src/main/AndroidManifest.xml:178:9-180:55
246            android:name="com.facebook.sdk.ApplicationId"
246-->src/main/AndroidManifest.xml:179:13-58
247            android:value="@string/facebook_app_id" />
247-->src/main/AndroidManifest.xml:180:13-52
248        <meta-data
248-->src/main/AndroidManifest.xml:182:9-184:61
249            android:name="com.facebook.sdk.ClientToken"
249-->src/main/AndroidManifest.xml:183:13-56
250            android:value="@string/facebook_client_token" />
250-->src/main/AndroidManifest.xml:184:13-58
251        <meta-data
251-->src/main/AndroidManifest.xml:186:9-188:36
252            android:name="com.facebook.sdk.AutoLogAppEventsEnabled"
252-->src/main/AndroidManifest.xml:187:13-68
253            android:value="true" />
253-->src/main/AndroidManifest.xml:188:13-33
254        <meta-data
254-->src/main/AndroidManifest.xml:190:9-192:36
255            android:name="com.facebook.sdk.AdvertiserIDCollectionEnabled"
255-->src/main/AndroidManifest.xml:191:13-74
256            android:value="true" />
256-->src/main/AndroidManifest.xml:192:13-33
257
258        <!-- Firebase Cloud Messaging default notification config -->
259        <!-- These are used when the app is in background/killed and FCM auto-displays -->
260        <meta-data
260-->src/main/AndroidManifest.xml:196:9-198:68
261            android:name="com.google.firebase.messaging.default_notification_icon"
261-->src/main/AndroidManifest.xml:197:13-83
262            android:resource="@drawable/app_notification_little" />
262-->src/main/AndroidManifest.xml:198:13-65
263        <meta-data
263-->src/main/AndroidManifest.xml:199:9-201:53
264            android:name="com.google.firebase.messaging.default_notification_channel_id"
264-->src/main/AndroidManifest.xml:200:13-89
265            android:value="faceswap_push_channel" />
265-->src/main/AndroidManifest.xml:201:13-50
266
267        <!-- FileProvider for image sharing -->
268        <provider
269            android:name="androidx.core.content.FileProvider"
269-->src/main/AndroidManifest.xml:205:13-62
270            android:authorities="com.facechanger.faceswap.enhance.fileprovider"
270-->src/main/AndroidManifest.xml:206:13-64
271            android:exported="false"
271-->src/main/AndroidManifest.xml:207:13-37
272            android:grantUriPermissions="true" >
272-->src/main/AndroidManifest.xml:208:13-47
273            <meta-data
273-->src/main/AndroidManifest.xml:209:13-211:54
274                android:name="android.support.FILE_PROVIDER_PATHS"
274-->src/main/AndroidManifest.xml:210:17-67
275                android:resource="@xml/file_paths" />
275-->src/main/AndroidManifest.xml:211:17-51
276        </provider>
277
278        <!-- Firebase Messaging Service -->
279        <service
279-->src/main/AndroidManifest.xml:215:9-221:19
280            android:name="com.facechanger.faceswap.enhance.service.AppFaceMyFirebaseMessagingService"
280-->src/main/AndroidManifest.xml:216:13-70
281            android:exported="true" >
281-->src/main/AndroidManifest.xml:217:13-36
282            <intent-filter>
282-->src/main/AndroidManifest.xml:218:13-220:29
283                <action android:name="com.google.firebase.MESSAGING_EVENT" />
283-->src/main/AndroidManifest.xml:219:17-78
283-->src/main/AndroidManifest.xml:219:25-75
284            </intent-filter>
285        </service>
286
287        <!-- Local Notification Receiver -->
288        <receiver
288-->src/main/AndroidManifest.xml:224:9-102
289            android:name="com.facechanger.faceswap.enhance.worker.AppFaceLocalNotificationReceiver"
289-->src/main/AndroidManifest.xml:224:19-74
290            android:exported="false" />
290-->src/main/AndroidManifest.xml:224:75-99
291
292        <activity
292-->[com.revenuecat.purchases:purchases:9.23.1] AndroidManifest.xml:10:9-13:75
293            android:name="com.revenuecat.purchases.amazon.purchasing.ProxyAmazonBillingActivity"
293-->[com.revenuecat.purchases:purchases:9.23.1] AndroidManifest.xml:11:13-97
294            android:configChanges="keyboard|keyboardHidden|screenLayout|screenSize|orientation"
294-->[com.revenuecat.purchases:purchases:9.23.1] AndroidManifest.xml:12:13-96
295            android:theme="@android:style/Theme.Translucent.NoTitleBar" />
295-->[com.revenuecat.purchases:purchases:9.23.1] AndroidManifest.xml:13:13-72
296        <activity
296-->[com.revenuecat.purchases:purchases:9.23.1] AndroidManifest.xml:14:9-18:74
297            android:name="com.revenuecat.purchases.SimulatedStoreErrorDialogActivity"
297-->[com.revenuecat.purchases:purchases:9.23.1] AndroidManifest.xml:15:13-86
298            android:configChanges="orientation|screenSize"
298-->[com.revenuecat.purchases:purchases:9.23.1] AndroidManifest.xml:16:13-59
299            android:excludeFromRecents="true"
299-->[com.revenuecat.purchases:purchases:9.23.1] AndroidManifest.xml:17:13-46
300            android:theme="@android:style/Theme.Material.Dialog.Alert" /> <!-- Include the AdActivity and InAppPurchaseActivity configChanges and themes. -->
300-->[com.revenuecat.purchases:purchases:9.23.1] AndroidManifest.xml:18:13-71
301        <activity
301-->[com.google.android.gms:play-services-ads-api:25.3.0] AndroidManifest.xml:73:9-79:43
302            android:name="com.google.android.gms.ads.AdActivity"
302-->[com.google.android.gms:play-services-ads-api:25.3.0] AndroidManifest.xml:74:13-65
303            android:configChanges="keyboard|keyboardHidden|orientation|screenLayout|uiMode|screenSize|smallestScreenSize"
303-->[com.google.android.gms:play-services-ads-api:25.3.0] AndroidManifest.xml:75:13-122
304            android:enableOnBackInvokedCallback="false"
304-->[com.google.android.gms:play-services-ads-api:25.3.0] AndroidManifest.xml:76:13-56
305            android:exported="false"
305-->[com.google.android.gms:play-services-ads-api:25.3.0] AndroidManifest.xml:77:13-37
306            android:theme="@android:style/Theme.Translucent" />
306-->[com.google.android.gms:play-services-ads-api:25.3.0] AndroidManifest.xml:78:13-61
307
308        <provider
308-->[com.google.android.gms:play-services-ads-api:25.3.0] AndroidManifest.xml:81:9-86:43
309            android:name="com.google.android.gms.ads.MobileAdsInitProvider"
309-->[com.google.android.gms:play-services-ads-api:25.3.0] AndroidManifest.xml:82:13-76
310            android:authorities="com.facechanger.faceswap.enhance.mobileadsinitprovider"
310-->[com.google.android.gms:play-services-ads-api:25.3.0] AndroidManifest.xml:83:13-73
311            android:exported="false"
311-->[com.google.android.gms:play-services-ads-api:25.3.0] AndroidManifest.xml:84:13-37
312            android:initOrder="100" />
312-->[com.google.android.gms:play-services-ads-api:25.3.0] AndroidManifest.xml:85:13-36
313
314        <service
314-->[com.google.android.gms:play-services-ads-api:25.3.0] AndroidManifest.xml:88:9-92:43
315            android:name="com.google.android.gms.ads.AdService"
315-->[com.google.android.gms:play-services-ads-api:25.3.0] AndroidManifest.xml:89:13-64
316            android:enabled="true"
316-->[com.google.android.gms:play-services-ads-api:25.3.0] AndroidManifest.xml:90:13-35